0 info it worked if it ends with ok
1 verbose cli [ '/Users/nali/.nvm/versions/node/v7.2.1/bin/node',
1 verbose cli   '/Users/nali/.nvm/versions/node/v7.2.1/bin/npm',
1 verbose cli   'publish' ]
2 info using npm@3.10.10
3 info using node@v7.2.1
4 verbose publish [ '.' ]
5 silly cache add args [ '.', null ]
6 verbose cache add spec .
7 silly cache add parsed spec Result {
7 silly cache add   raw: '.',
7 silly cache add   scope: null,
7 silly cache add   escapedName: null,
7 silly cache add   name: null,
7 silly cache add   rawSpec: '.',
7 silly cache add   spec: '/Users/nali/Documents/Projects/ikehive/cubius',
7 silly cache add   type: 'directory' }
8 verbose addLocalDirectory /Users/nali/.npm/cubius/1.0.1/package.tgz not in flight; packing
9 verbose correctMkdir /Users/nali/.npm correctMkdir not in flight; initializing
10 info lifecycle cubius@1.0.1~prepublish: cubius@1.0.1
11 silly lifecycle cubius@1.0.1~prepublish: no script for prepublish, continuing
12 verbose tar pack [ '/Users/nali/.npm/cubius/1.0.1/package.tgz',
12 verbose tar pack   '/Users/nali/Documents/Projects/ikehive/cubius' ]
13 verbose tarball /Users/nali/.npm/cubius/1.0.1/package.tgz
14 verbose folder /Users/nali/Documents/Projects/ikehive/cubius
15 verbose addLocalTarball adding from inside cache /Users/nali/.npm/cubius/1.0.1/package.tgz
16 verbose correctMkdir /Users/nali/.npm correctMkdir not in flight; initializing
17 silly cache afterAdd cubius@1.0.1
18 verbose afterAdd /Users/nali/.npm/cubius/1.0.1/package/package.json not in flight; writing
19 verbose correctMkdir /Users/nali/.npm correctMkdir not in flight; initializing
20 verbose afterAdd /Users/nali/.npm/cubius/1.0.1/package/package.json written
21 silly publish { name: 'cubius',
21 silly publish   version: '1.0.1',
21 silly publish   description: 'This is an open source project supported by the Vision Lab at Harvard University. Cubius is an experiment engine that runs psychology experiments online.',
21 silly publish   author: { name: 'Na Li', email: 'linazhao128@gmail.com' },
21 silly publish   repository: { type: 'git', url: 'https://github.com/lina128/cubius/' },
21 silly publish   main: 'index.js',
21 silly publish   scripts:
21 silly publish    { compile: 'better-npm-run compile',
21 silly publish      start: 'better-npm-run start',
21 silly publish      deploy: 'better-npm-run deploy',
21 silly publish      'deploy:dev': 'better-npm-run deploy:dev',
21 silly publish      'deploy:prod': 'better-npm-run deploy:prod' },
21 silly publish   betterScripts:
21 silly publish    { compile: { command: 'node bin/compile', env: [Object] },
21 silly publish      start: { command: 'node bin/dev-server', env: [Object] },
21 silly publish      deploy: { command: 'npm run compile', env: [Object] },
21 silly publish      'deploy:dev': { command: 'npm run deploy', env: [Object] },
21 silly publish      'deploy:prod': { command: 'npm run deploy', env: [Object] } },
21 silly publish   license: 'MIT',
21 silly publish   devDependencies:
21 silly publish    { 'babel-eslint': '^7.1.0',
21 silly publish      'browser-sync': '^2.18.6',
21 silly publish      'browser-sync-webpack-plugin': '^1.1.3',
21 silly publish      eslint: '^3.13.1',
21 silly publish      'eslint-config-standard': '^6.2.1',
21 silly publish      'eslint-plugin-babel': '^4.0.0',
21 silly publish      'eslint-plugin-promise': '^3.4.0',
21 silly publish      'eslint-plugin-standard': '^2.0.1',
21 silly publish      'expose-loader': '^0.7.1',
21 silly publish      express: '^4.14.0',
21 silly publish      nodemon: '^1.10.2',
21 silly publish      'webpack-dev-middleware': '^1.6.1',
21 silly publish      'webpack-hot-middleware': '^2.12.2' },
21 silly publish   dependencies:
21 silly publish    { '@orange-games/phaser-input': '^2.0.2',
21 silly publish      'babel-core': '^6.21.0',
21 silly publish      'babel-loader': '^6.2.5',
21 silly publish      'babel-plugin-transform-runtime': '^6.15.0',
21 silly publish      'babel-polyfill': '^6.20.0',
21 silly publish      'babel-preset-es2015': '^6.14.0',
21 silly publish      'babel-preset-stage-0': '^6.3.13',
21 silly publish      'babel-runtime': '^6.11.6',
21 silly publish      'better-npm-run': '0.0.11',
21 silly publish      compression: '^1.6.2',
21 silly publish      debug: '^2.2.0',
21 silly publish      'file-loader': '^0.9.0',
21 silly publish      'fs-extra': '^0.30.0',
21 silly publish      'html-webpack-plugin': '^2.22.0',
21 silly publish      'imports-loader': '^0.6.5',
21 silly publish      ip: '^1.1.2',
21 silly publish      'json-loader': '^0.5.4',
21 silly publish      papaparse: '^4.3.2',
21 silly publish      'phaser-ce': '^2.7.3',
21 silly publish      'url-loader': '^0.5.6',
21 silly publish      webfontloader: '^1.6.27',
21 silly publish      webpack: '^2.2.0',
21 silly publish      yargs: '^6.3.0' },
21 silly publish   readme: '# Cubius\nThis project is designed to help students and researchers make online psychology experiments. The engine takes experiment script, and then compile and run script in browser. Check out the documentation below.\n\nWe are looking for contributors to design new modules and effects, please send a PR.\n\n![version](https://img.shields.io/badge/version-1.0.3-brightgreen.svg)\n\n## Table of Contents\n1. [Requirements](#requirements)\n2. [Installation](#installation)\n3. [Running the Project](#running-the-project)\n4. [Project Structure](#project-structure)\n5. [Live Development](#live-development)\n6. [Development](#development)\n\n## Requirements\n* node `^5.0.0`\n* yarn `^0.23.0` or npm `^3.0.0`\n\n## Installation\nAfter confirming that your environment meets the above [requirements](#requirements), checkout this project and give it a new name:\n\n```bash\n$ git clone https://github.com/lina128/cubius.git <my-project-name>\n$ cd <my-project-name>\n```\n\nWhen that\'s done, install the project dependencies. It is recommended that you use [Yarn](https://yarnpkg.com/) for deterministic dependency management, but `npm install` will suffice.\n\n```bash\n$ yarn  # Install project dependencies (or `npm install`)\n```\n\n## Running the Project\nAfter completing the [installation](#installation) step, you\'re ready to start the project!\n\n```bash\n$ yarn start  # Start the development server (or `npm start`)\n```\n\n|`yarn <script>`    |Description|\n|-------------------|-----------|\n|`start`            |Serves your app at `localhost:1300`|\n|`deploy`           |Builds the application to ./dist|\n\nA successful start should look like this screenshot:\n\n\n\n![start](http://res.cloudinary.com/ikelabrepo/image/upload/c_scale,w_622/v1495391136/startscreenshot_cly265.png)\n\n\n\nA successful deploy should look like this screenshot:\n\n\n\n![deploy](http://res.cloudinary.com/ikelabrepo/image/upload/c_scale,w_622/v1495391137/deployscreenshot_ed6xls.png)\n\n\n## Project Structure\nThe project structure follows the **fractal** pattern demonstrated in this project (https://github.com/davezuko/react-redux-starter-kit) by Davezuko.\n\n```\n.\n├── bin                      # All build-related code\n├── config                   # All configurations\n├── dist                     # Compired files\n├── public                   # Static public assets\n├── server                   # Express application that provides webpack middleware\n│   └── main.js              # Server application entry point\n├── src                      # Application source code\n│   ├── index.html           # Main HTML page container for app\n│   ├── main.js              # Application rendering\n│   ├── config.js            # Game configurations\n│   ├── Game                 # Main Game object for app\n│   ├── states               # Main route definitions and async split points\n│   │   ├── index.js         # Bootstrap states\n│   │   ├── Blank.js         # Blank state\n│   │   ├── Boot.js          # Boot state\n│   │   ├── Preload.js       # Preload state\n│   │   ├── End.js           # End state\n│   │   ├── Text.js          # User-defined state\n│   │   ├── Image.js         # User-defined state\n│   │   ├── effects             # Fractal route\n│   │   │   ├── index.js     # Bootstrap effects\n│   │   │   ├── flicker.js   # User-defined effect\n│   │   │   ├── flip.js      # User-defined effect\n│   │   │   └── rotate.js    # User-defined effect\n└── tests                    # Unit tests\n```\n\n## Live Development\n\n### Hot Reloading\n\nHot reloading is enabled by default when the application is running in development mode (`yarn start`). With hot reloading, your code updates can be reflected in the app while it\'s running without restart the server. This is very useful for development. Read more about [Hot Module Replacement](https://webpack.github.io/docs/hot-module-replacement.html).\n\n\n## Deployment\n\nOut of the box, this project is deployable by serving the `./dist` folder generated by `yarn deploy`. The simplest deployment strategy is a [static deployment](#static-deployments).\n\n### Static Deployments\n\nServe the application with a web server by pointing it at your `./dist` folder. Make sure to direct incoming route requests to the root `./dist/index.html` file. Follow this article on how to host a static website on Amazon S3 (http://docs.aws.amazon.com/AmazonS3/latest/user-guide/static-website-hosting.html).\n',
21 silly publish   readmeFilename: 'README.md',
21 silly publish   gitHead: '1c3f5b5c3e3325db60747940e0c217772ecab82a',
21 silly publish   _id: 'cubius@1.0.1',
21 silly publish   _shasum: '27de5d76e195a7320801f956c574b27f1914e46c',
21 silly publish   _from: '.' }
22 verbose getPublishConfig undefined
23 silly mapToRegistry name cubius
24 silly mapToRegistry using default registry
25 silly mapToRegistry registry https://registry.npmjs.org/
26 silly mapToRegistry data Result {
26 silly mapToRegistry   raw: 'cubius',
26 silly mapToRegistry   scope: null,
26 silly mapToRegistry   escapedName: 'cubius',
26 silly mapToRegistry   name: 'cubius',
26 silly mapToRegistry   rawSpec: '',
26 silly mapToRegistry   spec: 'latest',
26 silly mapToRegistry   type: 'tag' }
27 silly mapToRegistry uri https://registry.npmjs.org/cubius
28 verbose publish registryBase https://registry.npmjs.org/
29 silly publish uploading /Users/nali/.npm/cubius/1.0.1/package.tgz
30 verbose request uri https://registry.npmjs.org/cubius
31 verbose request sending authorization for write operation
32 info attempt registry request try #1 at 11:05:40 AM
33 verbose request using bearer token for auth
34 verbose request id 907acb94f6192f19
35 http request PUT https://registry.npmjs.org/cubius
36 http 403 https://registry.npmjs.org/cubius
37 verbose headers { 'content-type': 'application/json',
37 verbose headers   'cache-control': 'max-age=300',
37 verbose headers   'content-length': '95',
37 verbose headers   'accept-ranges': 'bytes',
37 verbose headers   date: 'Mon, 22 May 2017 15:05:41 GMT',
37 verbose headers   via: '1.1 varnish',
37 verbose headers   connection: 'keep-alive',
37 verbose headers   'x-served-by': 'cache-mia1321-MIA',
37 verbose headers   'x-cache': 'MISS',
37 verbose headers   'x-cache-hits': '0',
37 verbose headers   'x-timer': 'S1495465540.225828,VS0,VE918',
37 verbose headers   vary: 'Accept-Encoding' }
38 verbose request invalidating /Users/nali/.npm/registry.npmjs.org/cubius on PUT
39 error publish Failed PUT 403
40 verbose stack Error: "You cannot publish over the previously published version 1.0.1." : cubius
40 verbose stack     at makeError (/Users/nali/.nvm/versions/node/v7.2.1/lib/node_modules/npm/node_modules/npm-registry-client/lib/request.js:302:12)
40 verbose stack     at CachingRegistryClient.<anonymous> (/Users/nali/.nvm/versions/node/v7.2.1/lib/node_modules/npm/node_modules/npm-registry-client/lib/request.js:290:14)
40 verbose stack     at Request._callback (/Users/nali/.nvm/versions/node/v7.2.1/lib/node_modules/npm/node_modules/npm-registry-client/lib/request.js:210:14)
40 verbose stack     at Request.self.callback (/Users/nali/.nvm/versions/node/v7.2.1/lib/node_modules/npm/node_modules/request/request.js:187:22)
40 verbose stack     at emitTwo (events.js:106:13)
40 verbose stack     at Request.emit (events.js:191:7)
40 verbose stack     at Request.<anonymous> (/Users/nali/.nvm/versions/node/v7.2.1/lib/node_modules/npm/node_modules/request/request.js:1048:10)
40 verbose stack     at emitOne (events.js:96:13)
40 verbose stack     at Request.emit (events.js:188:7)
40 verbose stack     at IncomingMessage.<anonymous> (/Users/nali/.nvm/versions/node/v7.2.1/lib/node_modules/npm/node_modules/request/request.js:969:12)
41 verbose statusCode 403
42 verbose pkgid cubius
43 verbose cwd /Users/nali/Documents/Projects/ikehive/cubius
44 error Darwin 16.4.0
45 error argv "/Users/nali/.nvm/versions/node/v7.2.1/bin/node" "/Users/nali/.nvm/versions/node/v7.2.1/bin/npm" "publish"
46 error node v7.2.1
47 error npm  v3.10.10
48 error code E403
49 error "You cannot publish over the previously published version 1.0.1." : cubius
50 error If you need help, you may report this error at:
50 error     <https://github.com/npm/npm/issues>
51 verbose exit [ 1, true ]
